2020-12-15T19:17:32.542Z|info : amplify env core checkout dev 
2020-12-15T19:17:55.275Z|info : amplify-provider-awscloudformation.zip-util.downloadZip.s3.getFile([{"Key":"[***]rent-[***]ud-[***]d.zip"},null])
2020-12-15T19:17:55.283Z|info : amplify-provider-awscloudformation.aws-s3.s3.getFile([{"Key":"[***]rent-[***]ud-[***]d.zip","Bucket":"[***]ify-[***]lified-[***]ev-[***]908-[***]ment"}])
2020-12-15T19:17:56.145Z|info : amplify-provider-awscloudformation.initialize-env.run.cfn.updateamplifyMetaFileWithStackOutputs([{"StackName":"[***]ify-[***]lified-[***]ev-[***]908"}])
2020-12-15T19:17:56.156Z|info : amplify-provider-awscloudformation.aws-cfn.updateamplifyMetaFileWithStackOutputs.cfn.describeStackResources([{"StackName":"[***]ify-[***]lified-[***]ev-[***]908"}])
2020-12-15T19:17:59.750Z|info : amplify-provider-awscloudformation.aws-s3.s3.getFile([{"Key":"[***]ify-[***]json","Bucket":"[***]ify-[***]lified-[***]ev-[***]908-[***]ment"}])
2020-12-15T19:19:45.921Z|info : amplify push core  
2020-12-15T19:19:50.299Z|info : amplify-provider-awscloudformation.zip-util.downloadZip.s3.getFile([{"Key":"[***]rent-[***]ud-[***]d.zip"},null])
2020-12-15T19:19:50.306Z|info : amplify-provider-awscloudformation.aws-s3.s3.getFile([{"Key":"[***]rent-[***]ud-[***]d.zip","Bucket":"[***]ify-[***]lified-[***]ev-[***]908-[***]ment"}])
2020-12-15T19:19:50.718Z|info : amplify-provider-awscloudformation.initialize-env.run.cfn.updateamplifyMetaFileWithStackOutputs([{"StackName":"[***]ify-[***]lified-[***]ev-[***]908"}])
2020-12-15T19:19:50.726Z|info : amplify-provider-awscloudformation.aws-cfn.updateamplifyMetaFileWithStackOutputs.cfn.describeStackResources([{"StackName":"[***]ify-[***]lified-[***]ev-[***]908"}])
2020-12-15T19:19:51.198Z|info : amplify-provider-awscloudformation.aws-s3.s3.getFile([{"Key":"[***]ify-[***]json","Bucket":"[***]ify-[***]lified-[***]ev-[***]908-[***]ment"}])
2020-12-15T19:19:56.588Z|info : amplify-provider-awscloudformation.upload-appsync-files.uploadAppSyncFiles.upload.s3Client.uploadFile([{"Key":"[***]mation-[***]e.json"}])
2020-12-15T19:19:56.591Z|info : amplify-provider-awscloudformation.aws-s3.uploadFile.s3.putObject([{"Key":"[***]ify-[***]ync-[***]es/[***]30b535daea6e3750/[***]mation-[***]e.json","Bucket":"[***]ify-[***]lified-[***]ev-[***]908-[***]ment"}])
2020-12-15T19:19:56.600Z|info : amplify-provider-awscloudformation.upload-appsync-files.uploadAppSyncFiles.upload.s3Client.uploadFile([{"Key":"[***]s.json"}])
2020-12-15T19:19:56.601Z|info : amplify-provider-awscloudformation.aws-s3.uploadFile.s3.putObject([{"Key":"[***]ify-[***]ync-[***]es/[***]30b535daea6e3750/[***]s.json","Bucket":"[***]ify-[***]lified-[***]ev-[***]908-[***]ment"}])
2020-12-15T19:19:56.605Z|info : amplify-provider-awscloudformation.upload-appsync-files.uploadAppSyncFiles.upload.s3Client.uploadFile([{"Key":"[***]vers/[***]odo.req.vtl"}])
2020-12-15T19:19:56.606Z|info : amplify-provider-awscloudformation.aws-s3.uploadFile.s3.putObject([{"Key":"[***]ify-[***]ync-[***]es/[***]30b535daea6e3750/[***]vers/[***]odo.req.vtl","Bucket":"[***]ify-[***]lified-[***]ev-[***]908-[***]ment"}])
2020-12-15T19:19:56.610Z|info : amplify-provider-awscloudformation.upload-appsync-files.uploadAppSyncFiles.upload.s3Client.uploadFile([{"Key":"[***]vers/[***]odo.res.vtl"}])
2020-12-15T19:19:56.610Z|info : amplify-provider-awscloudformation.aws-s3.uploadFile.s3.putObject([{"Key":"[***]ify-[***]ync-[***]es/[***]30b535daea6e3750/[***]vers/[***]odo.res.vtl","Bucket":"[***]ify-[***]lified-[***]ev-[***]908-[***]ment"}])
2020-12-15T19:19:56.614Z|info : amplify-provider-awscloudformation.upload-appsync-files.uploadAppSyncFiles.upload.s3Client.uploadFile([{"Key":"[***]vers/[***]odo.req.vtl"}])
2020-12-15T19:19:56.614Z|info : amplify-provider-awscloudformation.aws-s3.uploadFile.s3.putObject([{"Key":"[***]ify-[***]ync-[***]es/[***]30b535daea6e3750/[***]vers/[***]odo.req.vtl","Bucket":"[***]ify-[***]lified-[***]ev-[***]908-[***]ment"}])
2020-12-15T19:19:56.618Z|info : amplify-provider-awscloudformation.upload-appsync-files.uploadAppSyncFiles.upload.s3Client.uploadFile([{"Key":"[***]vers/[***]odo.res.vtl"}])
2020-12-15T19:19:56.618Z|info : amplify-provider-awscloudformation.aws-s3.uploadFile.s3.putObject([{"Key":"[***]ify-[***]ync-[***]es/[***]30b535daea6e3750/[***]vers/[***]odo.res.vtl","Bucket":"[***]ify-[***]lified-[***]ev-[***]908-[***]ment"}])
2020-12-15T19:19:56.622Z|info : amplify-provider-awscloudformation.upload-appsync-files.uploadAppSyncFiles.upload.s3Client.uploadFile([{"Key":"[***]vers/[***]odo.req.vtl"}])
2020-12-15T19:19:56.623Z|info : amplify-provider-awscloudformation.aws-s3.uploadFile.s3.putObject([{"Key":"[***]ify-[***]ync-[***]es/[***]30b535daea6e3750/[***]vers/[***]odo.req.vtl","Bucket":"[***]ify-[***]lified-[***]ev-[***]908-[***]ment"}])
2020-12-15T19:19:56.627Z|info : amplify-provider-awscloudformation.upload-appsync-files.uploadAppSyncFiles.upload.s3Client.uploadFile([{"Key":"[***]vers/[***]odo.res.vtl"}])
2020-12-15T19:19:56.628Z|info : amplify-provider-awscloudformation.aws-s3.uploadFile.s3.putObject([{"Key":"[***]ify-[***]ync-[***]es/[***]30b535daea6e3750/[***]vers/[***]odo.res.vtl","Bucket":"[***]ify-[***]lified-[***]ev-[***]908-[***]ment"}])
2020-12-15T19:19:56.631Z|info : amplify-provider-awscloudformation.upload-appsync-files.uploadAppSyncFiles.upload.s3Client.uploadFile([{"Key":"[***]vers/[***]o.req.vtl"}])
2020-12-15T19:19:56.632Z|info : amplify-provider-awscloudformation.aws-s3.uploadFile.s3.putObject([{"Key":"[***]ify-[***]ync-[***]es/[***]30b535daea6e3750/[***]vers/[***]o.req.vtl","Bucket":"[***]ify-[***]lified-[***]ev-[***]908-[***]ment"}])
2020-12-15T19:19:56.635Z|info : amplify-provider-awscloudformation.upload-appsync-files.uploadAppSyncFiles.upload.s3Client.uploadFile([{"Key":"[***]vers/[***]o.res.vtl"}])
2020-12-15T19:19:56.635Z|info : amplify-provider-awscloudformation.aws-s3.uploadFile.s3.putObject([{"Key":"[***]ify-[***]ync-[***]es/[***]30b535daea6e3750/[***]vers/[***]o.res.vtl","Bucket":"[***]ify-[***]lified-[***]ev-[***]908-[***]ment"}])
2020-12-15T19:19:56.639Z|info : amplify-provider-awscloudformation.upload-appsync-files.uploadAppSyncFiles.upload.s3Client.uploadFile([{"Key":"[***]vers/[***]os.req.vtl"}])
2020-12-15T19:19:56.639Z|info : amplify-provider-awscloudformation.aws-s3.uploadFile.s3.putObject([{"Key":"[***]ify-[***]ync-[***]es/[***]30b535daea6e3750/[***]vers/[***]os.req.vtl","Bucket":"[***]ify-[***]lified-[***]ev-[***]908-[***]ment"}])
2020-12-15T19:19:56.643Z|info : amplify-provider-awscloudformation.upload-appsync-files.uploadAppSyncFiles.upload.s3Client.uploadFile([{"Key":"[***]vers/[***]os.res.vtl"}])
2020-12-15T19:19:56.643Z|info : amplify-provider-awscloudformation.aws-s3.uploadFile.s3.putObject([{"Key":"[***]ify-[***]ync-[***]es/[***]30b535daea6e3750/[***]vers/[***]os.res.vtl","Bucket":"[***]ify-[***]lified-[***]ev-[***]908-[***]ment"}])
2020-12-15T19:19:56.647Z|info : amplify-provider-awscloudformation.upload-appsync-files.uploadAppSyncFiles.upload.s3Client.uploadFile([{"Key":"[***]raphql"}])
2020-12-15T19:19:56.647Z|info : amplify-provider-awscloudformation.aws-s3.uploadFile.s3.putObject([{"Key":"[***]ify-[***]ync-[***]es/[***]30b535daea6e3750/[***]raphql","Bucket":"[***]ify-[***]lified-[***]ev-[***]908-[***]ment"}])
2020-12-15T19:19:56.651Z|info : amplify-provider-awscloudformation.upload-appsync-files.uploadAppSyncFiles.upload.s3Client.uploadFile([{"Key":"[***]cks/[***]ces.json"}])
2020-12-15T19:19:56.651Z|info : amplify-provider-awscloudformation.aws-s3.uploadFile.s3.putObject([{"Key":"[***]ify-[***]ync-[***]es/[***]30b535daea6e3750/[***]cks/[***]ces.json","Bucket":"[***]ify-[***]lified-[***]ev-[***]908-[***]ment"}])
2020-12-15T19:19:56.654Z|info : amplify-provider-awscloudformation.upload-appsync-files.uploadAppSyncFiles.upload.s3Client.uploadFile([{"Key":"[***]cks/[***]json"}])
2020-12-15T19:19:56.655Z|info : amplify-provider-awscloudformation.aws-s3.uploadFile.s3.putObject([{"Key":"[***]ify-[***]ync-[***]es/[***]30b535daea6e3750/[***]cks/[***]json","Bucket":"[***]ify-[***]lified-[***]ev-[***]908-[***]ment"}])
2020-12-15T19:20:05.729Z|info : amplify-provider-awscloudformation.aws-s3.uploadFile.s3.putObject([{"Key":"[***]ify-[***]fn-[***]ates/[***]pi/[***]mation-[***]e.json","Bucket":"[***]ify-[***]lified-[***]ev-[***]908-[***]ment"}])
2020-12-15T19:20:07.054Z|info : amplify-provider-awscloudformation.push-resources.updateCloudFormationNestedStack(["/home/abe/Documents/reactamplified/amplify/backend/awscloudformation","/home/abe/Documents/reactamplified/amplify/backend/awscloudformation/nested-cloudformation-stack.yml"])
2020-12-15T19:20:07.061Z|info : amplify-provider-awscloudformation.aws-cfn.updateResourceStack.s3.uploadFile([{}])
2020-12-15T19:20:07.061Z|info : amplify-provider-awscloudformation.aws-s3.uploadFile.s3.putObject([{"Key":"[***]ted-[***]mation-[***].yml","Bucket":"[***]ify-[***]lified-[***]ev-[***]908-[***]ment"}])
2020-12-15T19:20:07.748Z|info : amplify-provider-awscloudformation.aws-cfn.updateResourceStack.describeStack([{"StackName":"[***]ify-[***]lified-[***]ev-[***]908"}])
2020-12-15T19:20:07.750Z|info : amplify-provider-awscloudformation.aws-cfn.describeStack.cfn.describeStacks([{"StackName":"[***]ify-[***]lified-[***]ev-[***]908"}])
2020-12-15T19:20:08.032Z|info : amplify-provider-awscloudformation.aws-cfn.updateResourceStack.updateStack([{"StackName":"[***]ify-[***]lified-[***]ev-[***]908"}])
2020-12-15T19:20:45.277Z|info : amplify-provider-awscloudformation.aws-cfn.getStackEvents.cfnModel.describeStackEvents([{"StackName":"[***]ify-[***]lified-[***]ev-[***]908"}])
2020-12-15T19:20:46.499Z|info : amplify-provider-awscloudformation.aws-cfn.getStackEvents.cfnModel.describeStackEvents([{"StackName":"[***]rmation:us-[***]st-[***]28:stack/[***]ify-[***]lified-[***]ev-[***]908/[***]1490-[***]37-[***]eb-[***]8b-[***]127ab"}])
2020-12-15T19:20:50.323Z|info : amplify-provider-awscloudformation.aws-cfn.getStackEvents.cfnModel.describeStackEvents([{"StackName":"[***]ify-[***]lified-[***]ev-[***]908"}])
2020-12-15T19:20:50.667Z|info : amplify-provider-awscloudformation.aws-cfn.getStackEvents.cfnModel.describeStackEvents([{"StackName":"[***]rmation:us-[***]st-[***]28:stack/[***]ify-[***]lified-[***]ev-[***]908-[***]yapi-[***]DDH8G/[***]5880-[***]0a-[***]eb-[***]88-[***]7c447"}])
2020-12-15T19:20:50.765Z|info : amplify-provider-awscloudformation.aws-cfn.getStackEvents.cfnModel.describeStackEvents([{"StackName":"[***]rmation:us-[***]st-[***]28:stack/[***]ify-[***]lified-[***]ev-[***]908/[***]1490-[***]37-[***]eb-[***]8b-[***]127ab"}])
2020-12-15T19:20:51.454Z|info : amplify-provider-awscloudformation.aws-cfn.getStackEvents.cfnModel.describeStackEvents([{"StackName":"[***]rmation:us-[***]st-[***]28:stack/[***]ify-[***]lified-[***]ev-[***]908-[***]yapi-[***]DDH8G/[***]5880-[***]0a-[***]eb-[***]88-[***]7c447"}])
2020-12-15T19:20:55.310Z|info : amplify-provider-awscloudformation.aws-cfn.getStackEvents.cfnModel.describeStackEvents([{"StackName":"[***]ify-[***]lified-[***]ev-[***]908"}])
2020-12-15T19:20:55.604Z|info : amplify-provider-awscloudformation.aws-cfn.getStackEvents.cfnModel.describeStackEvents([{"StackName":"[***]rmation:us-[***]st-[***]28:stack/[***]ify-[***]lified-[***]ev-[***]908-[***]yapi-[***]DDH8G/[***]5880-[***]0a-[***]eb-[***]88-[***]7c447"}])
2020-12-15T19:20:55.712Z|info : amplify-provider-awscloudformation.aws-cfn.getStackEvents.cfnModel.describeStackEvents([{"StackName":"[***]rmation:us-[***]st-[***]28:stack/[***]ify-[***]lified-[***]ev-[***]908/[***]1490-[***]37-[***]eb-[***]8b-[***]127ab"}])
2020-12-15T19:20:56.454Z|info : amplify-provider-awscloudformation.aws-cfn.getStackEvents.cfnModel.describeStackEvents([{"StackName":"[***]rmation:us-[***]st-[***]28:stack/[***]ify-[***]lified-[***]ev-[***]908-[***]yapi-[***]DDH8G/[***]5880-[***]0a-[***]eb-[***]88-[***]7c447"}])
2020-12-15T19:21:00.311Z|info : amplify-provider-awscloudformation.aws-cfn.getStackEvents.cfnModel.describeStackEvents([{"StackName":"[***]ify-[***]lified-[***]ev-[***]908"}])
2020-12-15T19:21:01.097Z|info : amplify-provider-awscloudformation.aws-cfn.getStackEvents.cfnModel.describeStackEvents([{"StackName":"[***]rmation:us-[***]st-[***]28:stack/[***]ify-[***]lified-[***]ev-[***]908-[***]yapi-[***]DDH8G/[***]5880-[***]0a-[***]eb-[***]88-[***]7c447"}])
2020-12-15T19:21:01.189Z|info : amplify-provider-awscloudformation.aws-cfn.getStackEvents.cfnModel.describeStackEvents([{"StackName":"[***]rmation:us-[***]st-[***]28:stack/[***]ify-[***]lified-[***]ev-[***]908/[***]1490-[***]37-[***]eb-[***]8b-[***]127ab"}])
2020-12-15T19:21:02.202Z|info : amplify-provider-awscloudformation.aws-cfn.getStackEvents.cfnModel.describeStackEvents([{"StackName":"[***]rmation:us-[***]st-[***]28:stack/[***]ify-[***]lified-[***]ev-[***]908-[***]yapi-[***]DDH8G/[***]5880-[***]0a-[***]eb-[***]88-[***]7c447"}])
2020-12-15T19:21:05.312Z|info : amplify-provider-awscloudformation.aws-cfn.getStackEvents.cfnModel.describeStackEvents([{"StackName":"[***]ify-[***]lified-[***]ev-[***]908"}])
2020-12-15T19:21:05.598Z|info : amplify-provider-awscloudformation.aws-cfn.getStackEvents.cfnModel.describeStackEvents([{"StackName":"[***]rmation:us-[***]st-[***]28:stack/[***]ify-[***]lified-[***]ev-[***]908-[***]yapi-[***]DDH8G/[***]5880-[***]0a-[***]eb-[***]88-[***]7c447"}])
2020-12-15T19:21:05.697Z|info : amplify-provider-awscloudformation.aws-cfn.getStackEvents.cfnModel.describeStackEvents([{"StackName":"[***]rmation:us-[***]st-[***]28:stack/[***]ify-[***]lified-[***]ev-[***]908/[***]1490-[***]37-[***]eb-[***]8b-[***]127ab"}])
2020-12-15T19:21:06.417Z|info : amplify-provider-awscloudformation.aws-cfn.getStackEvents.cfnModel.describeStackEvents([{"StackName":"[***]rmation:us-[***]st-[***]28:stack/[***]ify-[***]lified-[***]ev-[***]908-[***]yapi-[***]DDH8G/[***]5880-[***]0a-[***]eb-[***]88-[***]7c447"}])
2020-12-15T19:21:10.312Z|info : amplify-provider-awscloudformation.aws-cfn.getStackEvents.cfnModel.describeStackEvents([{"StackName":"[***]ify-[***]lified-[***]ev-[***]908"}])
2020-12-15T19:21:11.033Z|info : amplify-provider-awscloudformation.aws-cfn.getStackEvents.cfnModel.describeStackEvents([{"StackName":"[***]rmation:us-[***]st-[***]28:stack/[***]ify-[***]lified-[***]ev-[***]908-[***]yapi-[***]DDH8G/[***]5880-[***]0a-[***]eb-[***]88-[***]7c447"}])
2020-12-15T19:21:11.131Z|info : amplify-provider-awscloudformation.aws-cfn.getStackEvents.cfnModel.describeStackEvents([{"StackName":"[***]rmation:us-[***]st-[***]28:stack/[***]ify-[***]lified-[***]ev-[***]908/[***]1490-[***]37-[***]eb-[***]8b-[***]127ab"}])
2020-12-15T19:21:11.469Z|info : amplify-provider-awscloudformation.aws-cfn.getStackEvents.cfnModel.describeStackEvents([{"StackName":"[***]rmation:us-[***]st-[***]28:stack/[***]ify-[***]lified-[***]ev-[***]908-[***]yapi-[***]DDH8G/[***]5880-[***]0a-[***]eb-[***]88-[***]7c447"}])
2020-12-15T19:21:15.312Z|info : amplify-provider-awscloudformation.aws-cfn.getStackEvents.cfnModel.describeStackEvents([{"StackName":"[***]ify-[***]lified-[***]ev-[***]908"}])
2020-12-15T19:21:16.104Z|info : amplify-provider-awscloudformation.aws-cfn.getStackEvents.cfnModel.describeStackEvents([{"StackName":"[***]rmation:us-[***]st-[***]28:stack/[***]ify-[***]lified-[***]ev-[***]908-[***]yapi-[***]DDH8G/[***]5880-[***]0a-[***]eb-[***]88-[***]7c447"}])
2020-12-15T19:21:16.197Z|info : amplify-provider-awscloudformation.aws-cfn.getStackEvents.cfnModel.describeStackEvents([{"StackName":"[***]rmation:us-[***]st-[***]28:stack/[***]ify-[***]lified-[***]ev-[***]908/[***]1490-[***]37-[***]eb-[***]8b-[***]127ab"}])
2020-12-15T19:21:17.078Z|info : amplify-provider-awscloudformation.aws-cfn.getStackEvents.cfnModel.describeStackEvents([{"StackName":"[***]rmation:us-[***]st-[***]28:stack/[***]ify-[***]lified-[***]ev-[***]908-[***]yapi-[***]DDH8G/[***]5880-[***]0a-[***]eb-[***]88-[***]7c447"}])
2020-12-15T19:21:20.318Z|info : amplify-provider-awscloudformation.aws-cfn.getStackEvents.cfnModel.describeStackEvents([{"StackName":"[***]ify-[***]lified-[***]ev-[***]908"}])
2020-12-15T19:21:21.065Z|info : amplify-provider-awscloudformation.aws-cfn.getStackEvents.cfnModel.describeStackEvents([{"StackName":"[***]rmation:us-[***]st-[***]28:stack/[***]ify-[***]lified-[***]ev-[***]908-[***]yapi-[***]DDH8G/[***]5880-[***]0a-[***]eb-[***]88-[***]7c447"}])
2020-12-15T19:21:21.164Z|info : amplify-provider-awscloudformation.aws-cfn.getStackEvents.cfnModel.describeStackEvents([{"StackName":"[***]rmation:us-[***]st-[***]28:stack/[***]ify-[***]lified-[***]ev-[***]908/[***]1490-[***]37-[***]eb-[***]8b-[***]127ab"}])
2020-12-15T19:21:21.537Z|info : amplify-provider-awscloudformation.aws-cfn.getStackEvents.cfnModel.describeStackEvents([{"StackName":"[***]rmation:us-[***]st-[***]28:stack/[***]ify-[***]lified-[***]ev-[***]908-[***]yapi-[***]DDH8G/[***]5880-[***]0a-[***]eb-[***]88-[***]7c447"}])
2020-12-15T19:21:25.318Z|info : amplify-provider-awscloudformation.aws-cfn.getStackEvents.cfnModel.describeStackEvents([{"StackName":"[***]ify-[***]lified-[***]ev-[***]908"}])
2020-12-15T19:21:25.648Z|info : amplify-provider-awscloudformation.aws-cfn.getStackEvents.cfnModel.describeStackEvents([{"StackName":"[***]rmation:us-[***]st-[***]28:stack/[***]ify-[***]lified-[***]ev-[***]908-[***]yapi-[***]DDH8G/[***]5880-[***]0a-[***]eb-[***]88-[***]7c447"}])
2020-12-15T19:21:25.747Z|info : amplify-provider-awscloudformation.aws-cfn.getStackEvents.cfnModel.describeStackEvents([{"StackName":"[***]rmation:us-[***]st-[***]28:stack/[***]ify-[***]lified-[***]ev-[***]908/[***]1490-[***]37-[***]eb-[***]8b-[***]127ab"}])
2020-12-15T19:21:26.345Z|info : amplify-provider-awscloudformation.aws-cfn.getStackEvents.cfnModel.describeStackEvents([{"StackName":"[***]rmation:us-[***]st-[***]28:stack/[***]ify-[***]lified-[***]ev-[***]908-[***]yapi-[***]DDH8G/[***]5880-[***]0a-[***]eb-[***]88-[***]7c447"}])
2020-12-15T19:21:30.315Z|info : amplify-provider-awscloudformation.aws-cfn.getStackEvents.cfnModel.describeStackEvents([{"StackName":"[***]ify-[***]lified-[***]ev-[***]908"}])
2020-12-15T19:21:30.618Z|info : amplify-provider-awscloudformation.aws-cfn.getStackEvents.cfnModel.describeStackEvents([{"StackName":"[***]rmation:us-[***]st-[***]28:stack/[***]ify-[***]lified-[***]ev-[***]908-[***]yapi-[***]DDH8G/[***]5880-[***]0a-[***]eb-[***]88-[***]7c447"}])
2020-12-15T19:21:30.720Z|info : amplify-provider-awscloudformation.aws-cfn.getStackEvents.cfnModel.describeStackEvents([{"StackName":"[***]rmation:us-[***]st-[***]28:stack/[***]ify-[***]lified-[***]ev-[***]908/[***]1490-[***]37-[***]eb-[***]8b-[***]127ab"}])
2020-12-15T19:21:30.977Z|info : amplify-provider-awscloudformation.aws-cfn.getStackEvents.cfnModel.describeStackEvents([{"StackName":"[***]rmation:us-[***]st-[***]28:stack/[***]ify-[***]lified-[***]ev-[***]908-[***]yapi-[***]DDH8G/[***]5880-[***]0a-[***]eb-[***]88-[***]7c447"}])
2020-12-15T19:21:35.316Z|info : amplify-provider-awscloudformation.aws-cfn.getStackEvents.cfnModel.describeStackEvents([{"StackName":"[***]ify-[***]lified-[***]ev-[***]908"}])
2020-12-15T19:21:35.661Z|info : amplify-provider-awscloudformation.aws-cfn.getStackEvents.cfnModel.describeStackEvents([{"StackName":"[***]rmation:us-[***]st-[***]28:stack/[***]ify-[***]lified-[***]ev-[***]908-[***]yapi-[***]DDH8G/[***]5880-[***]0a-[***]eb-[***]88-[***]7c447"}])
2020-12-15T19:21:35.761Z|info : amplify-provider-awscloudformation.aws-cfn.getStackEvents.cfnModel.describeStackEvents([{"StackName":"[***]rmation:us-[***]st-[***]28:stack/[***]ify-[***]lified-[***]ev-[***]908/[***]1490-[***]37-[***]eb-[***]8b-[***]127ab"}])
2020-12-15T19:21:36.070Z|info : amplify-provider-awscloudformation.aws-cfn.getStackEvents.cfnModel.describeStackEvents([{"StackName":"[***]rmation:us-[***]st-[***]28:stack/[***]ify-[***]lified-[***]ev-[***]908-[***]yapi-[***]DDH8G/[***]5880-[***]0a-[***]eb-[***]88-[***]7c447"}])
2020-12-15T19:21:40.318Z|info : amplify-provider-awscloudformation.aws-cfn.getStackEvents.cfnModel.describeStackEvents([{"StackName":"[***]ify-[***]lified-[***]ev-[***]908"}])
2020-12-15T19:21:41.059Z|info : amplify-provider-awscloudformation.aws-cfn.getStackEvents.cfnModel.describeStackEvents([{"StackName":"[***]rmation:us-[***]st-[***]28:stack/[***]ify-[***]lified-[***]ev-[***]908-[***]yapi-[***]DDH8G/[***]5880-[***]0a-[***]eb-[***]88-[***]7c447"}])
2020-12-15T19:21:41.157Z|info : amplify-provider-awscloudformation.aws-cfn.getStackEvents.cfnModel.describeStackEvents([{"StackName":"[***]rmation:us-[***]st-[***]28:stack/[***]ify-[***]lified-[***]ev-[***]908/[***]1490-[***]37-[***]eb-[***]8b-[***]127ab"}])
2020-12-15T19:21:43.574Z|info : amplify-provider-awscloudformation.aws-cfn.getStackEvents.cfnModel.describeStackEvents([{"StackName":"[***]rmation:us-[***]st-[***]28:stack/[***]ify-[***]lified-[***]ev-[***]908-[***]yapi-[***]DDH8G/[***]5880-[***]0a-[***]eb-[***]88-[***]7c447"}])
2020-12-15T19:21:45.319Z|info : amplify-provider-awscloudformation.aws-cfn.getStackEvents.cfnModel.describeStackEvents([{"StackName":"[***]ify-[***]lified-[***]ev-[***]908"}])
2020-12-15T19:21:45.682Z|info : amplify-provider-awscloudformation.aws-cfn.getStackEvents.cfnModel.describeStackEvents([{"StackName":"[***]rmation:us-[***]st-[***]28:stack/[***]ify-[***]lified-[***]ev-[***]908-[***]yapi-[***]DDH8G/[***]5880-[***]0a-[***]eb-[***]88-[***]7c447"}])
2020-12-15T19:21:45.783Z|info : amplify-provider-awscloudformation.aws-cfn.getStackEvents.cfnModel.describeStackEvents([{"StackName":"[***]rmation:us-[***]st-[***]28:stack/[***]ify-[***]lified-[***]ev-[***]908/[***]1490-[***]37-[***]eb-[***]8b-[***]127ab"}])
2020-12-15T19:21:46.484Z|info : amplify-provider-awscloudformation.aws-cfn.getStackEvents.cfnModel.describeStackEvents([{"StackName":"[***]rmation:us-[***]st-[***]28:stack/[***]ify-[***]lified-[***]ev-[***]908-[***]yapi-[***]DDH8G/[***]5880-[***]0a-[***]eb-[***]88-[***]7c447"}])
2020-12-15T19:21:50.318Z|info : amplify-provider-awscloudformation.aws-cfn.getStackEvents.cfnModel.describeStackEvents([{"StackName":"[***]ify-[***]lified-[***]ev-[***]908"}])
2020-12-15T19:21:50.592Z|info : amplify-provider-awscloudformation.aws-cfn.getStackEvents.cfnModel.describeStackEvents([{"StackName":"[***]rmation:us-[***]st-[***]28:stack/[***]ify-[***]lified-[***]ev-[***]908-[***]yapi-[***]DDH8G/[***]5880-[***]0a-[***]eb-[***]88-[***]7c447"}])
2020-12-15T19:21:50.694Z|info : amplify-provider-awscloudformation.aws-cfn.getStackEvents.cfnModel.describeStackEvents([{"StackName":"[***]rmation:us-[***]st-[***]28:stack/[***]ify-[***]lified-[***]ev-[***]908/[***]1490-[***]37-[***]eb-[***]8b-[***]127ab"}])
2020-12-15T19:21:52.197Z|info : amplify-provider-awscloudformation.aws-cfn.getStackEvents.cfnModel.describeStackEvents([{"StackName":"[***]rmation:us-[***]st-[***]28:stack/[***]ify-[***]lified-[***]ev-[***]908-[***]yapi-[***]DDH8G/[***]5880-[***]0a-[***]eb-[***]88-[***]7c447"}])
2020-12-15T19:21:55.323Z|info : amplify-provider-awscloudformation.aws-cfn.getStackEvents.cfnModel.describeStackEvents([{"StackName":"[***]ify-[***]lified-[***]ev-[***]908"}])
2020-12-15T19:21:57.686Z|info : amplify-provider-awscloudformation.aws-cfn.getStackEvents.cfnModel.describeStackEvents([{"StackName":"[***]rmation:us-[***]st-[***]28:stack/[***]ify-[***]lified-[***]ev-[***]908-[***]yapi-[***]DDH8G/[***]5880-[***]0a-[***]eb-[***]88-[***]7c447"}])
2020-12-15T19:21:57.786Z|info : amplify-provider-awscloudformation.aws-cfn.getStackEvents.cfnModel.describeStackEvents([{"StackName":"[***]rmation:us-[***]st-[***]28:stack/[***]ify-[***]lified-[***]ev-[***]908/[***]1490-[***]37-[***]eb-[***]8b-[***]127ab"}])
2020-12-15T19:21:58.879Z|info : amplify-provider-awscloudformation.aws-cfn.getStackEvents.cfnModel.describeStackEvents([{"StackName":"[***]rmation:us-[***]st-[***]28:stack/[***]ify-[***]lified-[***]ev-[***]908-[***]yapi-[***]DDH8G/[***]5880-[***]0a-[***]eb-[***]88-[***]7c447"}])
2020-12-15T19:22:00.322Z|info : amplify-provider-awscloudformation.aws-cfn.getStackEvents.cfnModel.describeStackEvents([{"StackName":"[***]ify-[***]lified-[***]ev-[***]908"}])
2020-12-15T19:22:00.701Z|info : amplify-provider-awscloudformation.aws-cfn.getStackEvents.cfnModel.describeStackEvents([{"StackName":"[***]rmation:us-[***]st-[***]28:stack/[***]ify-[***]lified-[***]ev-[***]908-[***]yapi-[***]DDH8G/[***]5880-[***]0a-[***]eb-[***]88-[***]7c447"}])
2020-12-15T19:22:00.800Z|info : amplify-provider-awscloudformation.aws-cfn.getStackEvents.cfnModel.describeStackEvents([{"StackName":"[***]rmation:us-[***]st-[***]28:stack/[***]ify-[***]lified-[***]ev-[***]908/[***]1490-[***]37-[***]eb-[***]8b-[***]127ab"}])
2020-12-15T19:22:02.121Z|info : amplify-provider-awscloudformation.aws-cfn.getStackEvents.cfnModel.describeStackEvents([{"StackName":"[***]rmation:us-[***]st-[***]28:stack/[***]ify-[***]lified-[***]ev-[***]908-[***]yapi-[***]DDH8G/[***]5880-[***]0a-[***]eb-[***]88-[***]7c447"}])
2020-12-15T19:22:05.324Z|info : amplify-provider-awscloudformation.aws-cfn.getStackEvents.cfnModel.describeStackEvents([{"StackName":"[***]ify-[***]lified-[***]ev-[***]908"}])
2020-12-15T19:22:06.120Z|info : amplify-provider-awscloudformation.aws-cfn.getStackEvents.cfnModel.describeStackEvents([{"StackName":"[***]rmation:us-[***]st-[***]28:stack/[***]ify-[***]lified-[***]ev-[***]908-[***]yapi-[***]DDH8G/[***]5880-[***]0a-[***]eb-[***]88-[***]7c447"}])
2020-12-15T19:22:06.223Z|info : amplify-provider-awscloudformation.aws-cfn.getStackEvents.cfnModel.describeStackEvents([{"StackName":"[***]rmation:us-[***]st-[***]28:stack/[***]ify-[***]lified-[***]ev-[***]908/[***]1490-[***]37-[***]eb-[***]8b-[***]127ab"}])
2020-12-15T19:22:06.421Z|info : amplify-provider-awscloudformation.aws-cfn.getStackEvents.cfnModel.describeStackEvents([{"StackName":"[***]rmation:us-[***]st-[***]28:stack/[***]ify-[***]lified-[***]ev-[***]908-[***]yapi-[***]DDH8G-[***]do-[***]2ZV976/[***]2910-[***]0a-[***]eb-[***]27-[***]7f3f1"}])
2020-12-15T19:22:06.852Z|info : amplify-provider-awscloudformation.aws-cfn.getStackEvents.cfnModel.describeStackEvents([{"StackName":"[***]rmation:us-[***]st-[***]28:stack/[***]ify-[***]lified-[***]ev-[***]908-[***]yapi-[***]DDH8G/[***]5880-[***]0a-[***]eb-[***]88-[***]7c447"}])
2020-12-15T19:22:07.106Z|info : amplify-provider-awscloudformation.aws-cfn.getStackEvents.cfnModel.describeStackEvents([{"StackName":"[***]rmation:us-[***]st-[***]28:stack/[***]ify-[***]lified-[***]ev-[***]908-[***]yapi-[***]DDH8G-[***]do-[***]2ZV976/[***]2910-[***]0a-[***]eb-[***]27-[***]7f3f1"}])
2020-12-15T19:22:10.329Z|info : amplify-provider-awscloudformation.aws-cfn.getStackEvents.cfnModel.describeStackEvents([{"StackName":"[***]ify-[***]lified-[***]ev-[***]908"}])
2020-12-15T19:22:10.620Z|info : amplify-provider-awscloudformation.aws-cfn.getStackEvents.cfnModel.describeStackEvents([{"StackName":"[***]rmation:us-[***]st-[***]28:stack/[***]ify-[***]lified-[***]ev-[***]908-[***]yapi-[***]DDH8G/[***]5880-[***]0a-[***]eb-[***]88-[***]7c447"}])
2020-12-15T19:22:10.723Z|info : amplify-provider-awscloudformation.aws-cfn.getStackEvents.cfnModel.describeStackEvents([{"StackName":"[***]rmation:us-[***]st-[***]28:stack/[***]ify-[***]lified-[***]ev-[***]908/[***]1490-[***]37-[***]eb-[***]8b-[***]127ab"}])
2020-12-15T19:22:11.438Z|info : amplify-provider-awscloudformation.aws-cfn.getStackEvents.cfnModel.describeStackEvents([{"StackName":"[***]rmation:us-[***]st-[***]28:stack/[***]ify-[***]lified-[***]ev-[***]908-[***]yapi-[***]DDH8G-[***]do-[***]2ZV976/[***]2910-[***]0a-[***]eb-[***]27-[***]7f3f1"}])
2020-12-15T19:22:11.541Z|info : amplify-provider-awscloudformation.aws-cfn.getStackEvents.cfnModel.describeStackEvents([{"StackName":"[***]rmation:us-[***]st-[***]28:stack/[***]ify-[***]lified-[***]ev-[***]908-[***]yapi-[***]DDH8G/[***]5880-[***]0a-[***]eb-[***]88-[***]7c447"}])
2020-12-15T19:22:11.910Z|info : amplify-provider-awscloudformation.aws-cfn.getStackEvents.cfnModel.describeStackEvents([{"StackName":"[***]rmation:us-[***]st-[***]28:stack/[***]ify-[***]lified-[***]ev-[***]908-[***]yapi-[***]DDH8G-[***]do-[***]2ZV976/[***]2910-[***]0a-[***]eb-[***]27-[***]7f3f1"}])
2020-12-15T19:22:15.334Z|info : amplify-provider-awscloudformation.aws-cfn.getStackEvents.cfnModel.describeStackEvents([{"StackName":"[***]ify-[***]lified-[***]ev-[***]908"}])
2020-12-15T19:22:16.315Z|info : amplify-provider-awscloudformation.aws-cfn.getStackEvents.cfnModel.describeStackEvents([{"StackName":"[***]rmation:us-[***]st-[***]28:stack/[***]ify-[***]lified-[***]ev-[***]908-[***]yapi-[***]DDH8G/[***]5880-[***]0a-[***]eb-[***]88-[***]7c447"}])
2020-12-15T19:22:16.416Z|info : amplify-provider-awscloudformation.aws-cfn.getStackEvents.cfnModel.describeStackEvents([{"StackName":"[***]rmation:us-[***]st-[***]28:stack/[***]ify-[***]lified-[***]ev-[***]908/[***]1490-[***]37-[***]eb-[***]8b-[***]127ab"}])
2020-12-15T19:22:17.526Z|info : amplify-provider-awscloudformation.aws-cfn.getStackEvents.cfnModel.describeStackEvents([{"StackName":"[***]rmation:us-[***]st-[***]28:stack/[***]ify-[***]lified-[***]ev-[***]908-[***]yapi-[***]DDH8G-[***]do-[***]2ZV976/[***]2910-[***]0a-[***]eb-[***]27-[***]7f3f1"}])
2020-12-15T19:22:20.351Z|info : amplify-provider-awscloudformation.aws-cfn.getStackEvents.cfnModel.describeStackEvents([{"StackName":"[***]ify-[***]lified-[***]ev-[***]908"}])
2020-12-15T19:22:20.752Z|info : amplify-provider-awscloudformation.aws-cfn.getStackEvents.cfnModel.describeStackEvents([{"StackName":"[***]rmation:us-[***]st-[***]28:stack/[***]ify-[***]lified-[***]ev-[***]908-[***]yapi-[***]DDH8G/[***]5880-[***]0a-[***]eb-[***]88-[***]7c447"}])
2020-12-15T19:22:20.852Z|info : amplify-provider-awscloudformation.aws-cfn.getStackEvents.cfnModel.describeStackEvents([{"StackName":"[***]rmation:us-[***]st-[***]28:stack/[***]ify-[***]lified-[***]ev-[***]908/[***]1490-[***]37-[***]eb-[***]8b-[***]127ab"}])
2020-12-15T19:22:21.112Z|info : amplify-provider-awscloudformation.aws-cfn.getStackEvents.cfnModel.describeStackEvents([{"StackName":"[***]rmation:us-[***]st-[***]28:stack/[***]ify-[***]lified-[***]ev-[***]908-[***]yapi-[***]DDH8G-[***]do-[***]2ZV976/[***]2910-[***]0a-[***]eb-[***]27-[***]7f3f1"}])
2020-12-15T19:22:21.211Z|info : amplify-provider-awscloudformation.aws-cfn.getStackEvents.cfnModel.describeStackEvents([{"StackName":"[***]rmation:us-[***]st-[***]28:stack/[***]ify-[***]lified-[***]ev-[***]908-[***]yapi-[***]DDH8G/[***]5880-[***]0a-[***]eb-[***]88-[***]7c447"}])
2020-12-15T19:22:21.908Z|info : amplify-provider-awscloudformation.aws-cfn.getStackEvents.cfnModel.describeStackEvents([{"StackName":"[***]rmation:us-[***]st-[***]28:stack/[***]ify-[***]lified-[***]ev-[***]908-[***]yapi-[***]DDH8G-[***]do-[***]2ZV976/[***]2910-[***]0a-[***]eb-[***]27-[***]7f3f1"}])
2020-12-15T19:22:25.340Z|info : amplify-provider-awscloudformation.aws-cfn.getStackEvents.cfnModel.describeStackEvents([{"StackName":"[***]ify-[***]lified-[***]ev-[***]908"}])
2020-12-15T19:22:25.723Z|info : amplify-provider-awscloudformation.aws-cfn.getStackEvents.cfnModel.describeStackEvents([{"StackName":"[***]rmation:us-[***]st-[***]28:stack/[***]ify-[***]lified-[***]ev-[***]908-[***]yapi-[***]DDH8G/[***]5880-[***]0a-[***]eb-[***]88-[***]7c447"}])
2020-12-15T19:22:25.822Z|info : amplify-provider-awscloudformation.aws-cfn.getStackEvents.cfnModel.describeStackEvents([{"StackName":"[***]rmation:us-[***]st-[***]28:stack/[***]ify-[***]lified-[***]ev-[***]908/[***]1490-[***]37-[***]eb-[***]8b-[***]127ab"}])
2020-12-15T19:22:26.456Z|info : amplify-provider-awscloudformation.aws-cfn.getStackEvents.cfnModel.describeStackEvents([{"StackName":"[***]rmation:us-[***]st-[***]28:stack/[***]ify-[***]lified-[***]ev-[***]908-[***]yapi-[***]DDH8G-[***]do-[***]2ZV976/[***]2910-[***]0a-[***]eb-[***]27-[***]7f3f1"}])
2020-12-15T19:22:26.555Z|info : amplify-provider-awscloudformation.aws-cfn.getStackEvents.cfnModel.describeStackEvents([{"StackName":"[***]rmation:us-[***]st-[***]28:stack/[***]ify-[***]lified-[***]ev-[***]908-[***]yapi-[***]DDH8G/[***]5880-[***]0a-[***]eb-[***]88-[***]7c447"}])
2020-12-15T19:22:26.911Z|info : amplify-provider-awscloudformation.aws-cfn.getStackEvents.cfnModel.describeStackEvents([{"StackName":"[***]rmation:us-[***]st-[***]28:stack/[***]ify-[***]lified-[***]ev-[***]908-[***]yapi-[***]DDH8G-[***]do-[***]2ZV976/[***]2910-[***]0a-[***]eb-[***]27-[***]7f3f1"}])
2020-12-15T19:22:30.343Z|info : amplify-provider-awscloudformation.aws-cfn.getStackEvents.cfnModel.describeStackEvents([{"StackName":"[***]ify-[***]lified-[***]ev-[***]908"}])
2020-12-15T19:22:31.574Z|info : amplify-provider-awscloudformation.aws-cfn.getStackEvents.cfnModel.describeStackEvents([{"StackName":"[***]rmation:us-[***]st-[***]28:stack/[***]ify-[***]lified-[***]ev-[***]908-[***]yapi-[***]DDH8G/[***]5880-[***]0a-[***]eb-[***]88-[***]7c447"}])
2020-12-15T19:22:31.673Z|info : amplify-provider-awscloudformation.aws-cfn.getStackEvents.cfnModel.describeStackEvents([{"StackName":"[***]rmation:us-[***]st-[***]28:stack/[***]ify-[***]lified-[***]ev-[***]908/[***]1490-[***]37-[***]eb-[***]8b-[***]127ab"}])
2020-12-15T19:22:31.860Z|info : amplify-provider-awscloudformation.aws-cfn.getStackEvents.cfnModel.describeStackEvents([{"StackName":"[***]rmation:us-[***]st-[***]28:stack/[***]ify-[***]lified-[***]ev-[***]908-[***]yapi-[***]DDH8G-[***]do-[***]2ZV976/[***]2910-[***]0a-[***]eb-[***]27-[***]7f3f1"}])
2020-12-15T19:22:31.967Z|info : amplify-provider-awscloudformation.aws-cfn.getStackEvents.cfnModel.describeStackEvents([{"StackName":"[***]rmation:us-[***]st-[***]28:stack/[***]ify-[***]lified-[***]ev-[***]908-[***]yapi-[***]DDH8G/[***]5880-[***]0a-[***]eb-[***]88-[***]7c447"}])
2020-12-15T19:22:32.998Z|info : amplify-provider-awscloudformation.aws-cfn.getStackEvents.cfnModel.describeStackEvents([{"StackName":"[***]rmation:us-[***]st-[***]28:stack/[***]ify-[***]lified-[***]ev-[***]908-[***]yapi-[***]DDH8G-[***]do-[***]2ZV976/[***]2910-[***]0a-[***]eb-[***]27-[***]7f3f1"}])
2020-12-15T19:22:35.341Z|info : amplify-provider-awscloudformation.aws-cfn.getStackEvents.cfnModel.describeStackEvents([{"StackName":"[***]ify-[***]lified-[***]ev-[***]908"}])
2020-12-15T19:22:36.141Z|info : amplify-provider-awscloudformation.aws-cfn.getStackEvents.cfnModel.describeStackEvents([{"StackName":"[***]rmation:us-[***]st-[***]28:stack/[***]ify-[***]lified-[***]ev-[***]908-[***]yapi-[***]DDH8G/[***]5880-[***]0a-[***]eb-[***]88-[***]7c447"}])
2020-12-15T19:22:36.243Z|info : amplify-provider-awscloudformation.aws-cfn.getStackEvents.cfnModel.describeStackEvents([{"StackName":"[***]rmation:us-[***]st-[***]28:stack/[***]ify-[***]lified-[***]ev-[***]908/[***]1490-[***]37-[***]eb-[***]8b-[***]127ab"}])
2020-12-15T19:22:36.401Z|info : amplify-provider-awscloudformation.aws-cfn.getStackEvents.cfnModel.describeStackEvents([{"StackName":"[***]rmation:us-[***]st-[***]28:stack/[***]ify-[***]lified-[***]ev-[***]908-[***]yapi-[***]DDH8G-[***]do-[***]2ZV976/[***]2910-[***]0a-[***]eb-[***]27-[***]7f3f1"}])
2020-12-15T19:22:36.835Z|info : amplify-provider-awscloudformation.aws-cfn.getStackEvents.cfnModel.describeStackEvents([{"StackName":"[***]rmation:us-[***]st-[***]28:stack/[***]ify-[***]lified-[***]ev-[***]908-[***]yapi-[***]DDH8G/[***]5880-[***]0a-[***]eb-[***]88-[***]7c447"}])
2020-12-15T19:22:37.592Z|info : amplify-provider-awscloudformation.aws-cfn.getStackEvents.cfnModel.describeStackEvents([{"StackName":"[***]rmation:us-[***]st-[***]28:stack/[***]ify-[***]lified-[***]ev-[***]908-[***]yapi-[***]DDH8G-[***]do-[***]2ZV976/[***]2910-[***]0a-[***]eb-[***]27-[***]7f3f1"}])
2020-12-15T19:22:40.341Z|info : amplify-provider-awscloudformation.aws-cfn.getStackEvents.cfnModel.describeStackEvents([{"StackName":"[***]ify-[***]lified-[***]ev-[***]908"}])
2020-12-15T19:22:40.641Z|info : amplify-provider-awscloudformation.aws-cfn.getStackEvents.cfnModel.describeStackEvents([{"StackName":"[***]rmation:us-[***]st-[***]28:stack/[***]ify-[***]lified-[***]ev-[***]908-[***]yapi-[***]DDH8G/[***]5880-[***]0a-[***]eb-[***]88-[***]7c447"}])
2020-12-15T19:22:40.739Z|info : amplify-provider-awscloudformation.aws-cfn.getStackEvents.cfnModel.describeStackEvents([{"StackName":"[***]rmation:us-[***]st-[***]28:stack/[***]ify-[***]lified-[***]ev-[***]908/[***]1490-[***]37-[***]eb-[***]8b-[***]127ab"}])
2020-12-15T19:22:41.599Z|info : amplify-provider-awscloudformation.aws-cfn.getStackEvents.cfnModel.describeStackEvents([{"StackName":"[***]rmation:us-[***]st-[***]28:stack/[***]ify-[***]lified-[***]ev-[***]908-[***]yapi-[***]DDH8G-[***]do-[***]2ZV976/[***]2910-[***]0a-[***]eb-[***]27-[***]7f3f1"}])
2020-12-15T19:22:42.297Z|info : amplify-provider-awscloudformation.aws-cfn.getStackEvents.cfnModel.describeStackEvents([{"StackName":"[***]rmation:us-[***]st-[***]28:stack/[***]ify-[***]lified-[***]ev-[***]908-[***]yapi-[***]DDH8G/[***]5880-[***]0a-[***]eb-[***]88-[***]7c447"}])
2020-12-15T19:22:42.584Z|info : amplify-provider-awscloudformation.aws-cfn.getStackEvents.cfnModel.describeStackEvents([{"StackName":"[***]rmation:us-[***]st-[***]28:stack/[***]ify-[***]lified-[***]ev-[***]908-[***]yapi-[***]DDH8G-[***]do-[***]2ZV976/[***]2910-[***]0a-[***]eb-[***]27-[***]7f3f1"}])
2020-12-15T19:22:45.340Z|info : amplify-provider-awscloudformation.aws-cfn.getStackEvents.cfnModel.describeStackEvents([{"StackName":"[***]ify-[***]lified-[***]ev-[***]908"}])
2020-12-15T19:22:46.106Z|info : amplify-provider-awscloudformation.aws-cfn.getStackEvents.cfnModel.describeStackEvents([{"StackName":"[***]rmation:us-[***]st-[***]28:stack/[***]ify-[***]lified-[***]ev-[***]908-[***]yapi-[***]DDH8G/[***]5880-[***]0a-[***]eb-[***]88-[***]7c447"}])
2020-12-15T19:22:46.204Z|info : amplify-provider-awscloudformation.aws-cfn.getStackEvents.cfnModel.describeStackEvents([{"StackName":"[***]rmation:us-[***]st-[***]28:stack/[***]ify-[***]lified-[***]ev-[***]908/[***]1490-[***]37-[***]eb-[***]8b-[***]127ab"}])
2020-12-15T19:22:46.938Z|info : amplify-provider-awscloudformation.aws-cfn.getStackEvents.cfnModel.describeStackEvents([{"StackName":"[***]rmation:us-[***]st-[***]28:stack/[***]ify-[***]lified-[***]ev-[***]908-[***]yapi-[***]DDH8G-[***]do-[***]2ZV976/[***]2910-[***]0a-[***]eb-[***]27-[***]7f3f1"}])
2020-12-15T19:22:47.538Z|info : amplify-provider-awscloudformation.aws-cfn.getStackEvents.cfnModel.describeStackEvents([{"StackName":"[***]rmation:us-[***]st-[***]28:stack/[***]ify-[***]lified-[***]ev-[***]908-[***]yapi-[***]DDH8G/[***]5880-[***]0a-[***]eb-[***]88-[***]7c447"}])
2020-12-15T19:22:47.824Z|info : amplify-provider-awscloudformation.aws-cfn.getStackEvents.cfnModel.describeStackEvents([{"StackName":"[***]rmation:us-[***]st-[***]28:stack/[***]ify-[***]lified-[***]ev-[***]908-[***]yapi-[***]DDH8G-[***]do-[***]2ZV976/[***]2910-[***]0a-[***]eb-[***]27-[***]7f3f1"}])
2020-12-15T19:22:48.824Z|info : amplify-provider-awscloudformation.aws-cfn.getStackEvents.cfnModel.describeStackEvents([{"StackName":"[***]rmation:us-[***]st-[***]28:stack/[***]ify-[***]lified-[***]ev-[***]908-[***]yapi-[***]DDH8G/[***]5880-[***]0a-[***]eb-[***]88-[***]7c447"}])
2020-12-15T19:22:49.897Z|info : amplify-provider-awscloudformation.aws-cfn.getStackEvents.cfnModel.describeStackEvents([{"StackName":"[***]rmation:us-[***]st-[***]28:stack/[***]ify-[***]lified-[***]ev-[***]908-[***]yapi-[***]DDH8G-[***]do-[***]2ZV976/[***]2910-[***]0a-[***]eb-[***]27-[***]7f3f1"}])
2020-12-15T19:22:50.339Z|info : amplify-provider-awscloudformation.aws-cfn.getStackEvents.cfnModel.describeStackEvents([{"StackName":"[***]ify-[***]lified-[***]ev-[***]908"}])
2020-12-15T19:22:50.638Z|info : amplify-provider-awscloudformation.aws-cfn.getStackEvents.cfnModel.describeStackEvents([{"StackName":"[***]rmation:us-[***]st-[***]28:stack/[***]ify-[***]lified-[***]ev-[***]908-[***]yapi-[***]DDH8G/[***]5880-[***]0a-[***]eb-[***]88-[***]7c447"}])
2020-12-15T19:22:50.737Z|info : amplify-provider-awscloudformation.aws-cfn.getStackEvents.cfnModel.describeStackEvents([{"StackName":"[***]rmation:us-[***]st-[***]28:stack/[***]ify-[***]lified-[***]ev-[***]908/[***]1490-[***]37-[***]eb-[***]8b-[***]127ab"}])
2020-12-15T19:22:50.928Z|info : amplify-provider-awscloudformation.aws-cfn.getStackEvents.cfnModel.describeStackEvents([{"StackName":"[***]rmation:us-[***]st-[***]28:stack/[***]ify-[***]lified-[***]ev-[***]908-[***]yapi-[***]DDH8G-[***]do-[***]2ZV976/[***]2910-[***]0a-[***]eb-[***]27-[***]7f3f1"}])
2020-12-15T19:22:55.341Z|info : amplify-provider-awscloudformation.aws-cfn.getStackEvents.cfnModel.describeStackEvents([{"StackName":"[***]ify-[***]lified-[***]ev-[***]908"}])
2020-12-15T19:22:55.821Z|info : amplify-provider-awscloudformation.aws-cfn.getStackEvents.cfnModel.describeStackEvents([{"StackName":"[***]rmation:us-[***]st-[***]28:stack/[***]ify-[***]lified-[***]ev-[***]908-[***]yapi-[***]DDH8G/[***]5880-[***]0a-[***]eb-[***]88-[***]7c447"}])
2020-12-15T19:22:55.927Z|info : amplify-provider-awscloudformation.aws-cfn.getStackEvents.cfnModel.describeStackEvents([{"StackName":"[***]rmation:us-[***]st-[***]28:stack/[***]ify-[***]lified-[***]ev-[***]908/[***]1490-[***]37-[***]eb-[***]8b-[***]127ab"}])
2020-12-15T19:22:56.239Z|info : amplify-provider-awscloudformation.aws-cfn.getStackEvents.cfnModel.describeStackEvents([{"StackName":"[***]rmation:us-[***]st-[***]28:stack/[***]ify-[***]lified-[***]ev-[***]908-[***]yapi-[***]DDH8G/[***]5880-[***]0a-[***]eb-[***]88-[***]7c447"}])
2020-12-15T19:22:56.929Z|info : amplify-provider-awscloudformation.aws-cfn.getStackEvents.cfnModel.describeStackEvents([{"StackName":"[***]rmation:us-[***]st-[***]28:stack/[***]ify-[***]lified-[***]ev-[***]908-[***]yapi-[***]DDH8G-[***]rcesjson-[***]7JQQY/[***]bcb0-[***]0a-[***]eb-[***]c7-[***]9acd3"}])
2020-12-15T19:22:57.464Z|info : amplify-provider-awscloudformation.aws-cfn.getStackEvents.cfnModel.describeStackEvents([{"StackName":"[***]rmation:us-[***]st-[***]28:stack/[***]ify-[***]lified-[***]ev-[***]908-[***]yapi-[***]DDH8G-[***]rcesjson-[***]7JQQY/[***]bcb0-[***]0a-[***]eb-[***]c7-[***]9acd3"}])
2020-12-15T19:23:00.362Z|info : amplify-provider-awscloudformation.aws-cfn.getStackEvents.cfnModel.describeStackEvents([{"StackName":"[***]ify-[***]lified-[***]ev-[***]908"}])
2020-12-15T19:23:00.717Z|info : amplify-provider-awscloudformation.aws-cfn.getStackEvents.cfnModel.describeStackEvents([{"StackName":"[***]rmation:us-[***]st-[***]28:stack/[***]ify-[***]lified-[***]ev-[***]908-[***]yapi-[***]DDH8G/[***]5880-[***]0a-[***]eb-[***]88-[***]7c447"}])
2020-12-15T19:23:00.820Z|info : amplify-provider-awscloudformation.aws-cfn.getStackEvents.cfnModel.describeStackEvents([{"StackName":"[***]rmation:us-[***]st-[***]28:stack/[***]ify-[***]lified-[***]ev-[***]908/[***]1490-[***]37-[***]eb-[***]8b-[***]127ab"}])
2020-12-15T19:23:01.066Z|info : amplify-provider-awscloudformation.aws-cfn.getStackEvents.cfnModel.describeStackEvents([{"StackName":"[***]rmation:us-[***]st-[***]28:stack/[***]ify-[***]lified-[***]ev-[***]908-[***]yapi-[***]DDH8G-[***]rcesjson-[***]7JQQY/[***]bcb0-[***]0a-[***]eb-[***]c7-[***]9acd3"}])
2020-12-15T19:23:01.165Z|info : amplify-provider-awscloudformation.aws-cfn.getStackEvents.cfnModel.describeStackEvents([{"StackName":"[***]rmation:us-[***]st-[***]28:stack/[***]ify-[***]lified-[***]ev-[***]908-[***]yapi-[***]DDH8G/[***]5880-[***]0a-[***]eb-[***]88-[***]7c447"}])
2020-12-15T19:23:01.492Z|info : amplify-provider-awscloudformation.aws-cfn.getStackEvents.cfnModel.describeStackEvents([{"StackName":"[***]rmation:us-[***]st-[***]28:stack/[***]ify-[***]lified-[***]ev-[***]908-[***]yapi-[***]DDH8G-[***]rcesjson-[***]7JQQY/[***]bcb0-[***]0a-[***]eb-[***]c7-[***]9acd3"}])
2020-12-15T19:23:05.364Z|info : amplify-provider-awscloudformation.aws-cfn.getStackEvents.cfnModel.describeStackEvents([{"StackName":"[***]ify-[***]lified-[***]ev-[***]908"}])
2020-12-15T19:23:05.696Z|info : amplify-provider-awscloudformation.aws-cfn.getStackEvents.cfnModel.describeStackEvents([{"StackName":"[***]rmation:us-[***]st-[***]28:stack/[***]ify-[***]lified-[***]ev-[***]908-[***]yapi-[***]DDH8G/[***]5880-[***]0a-[***]eb-[***]88-[***]7c447"}])
2020-12-15T19:23:05.795Z|info : amplify-provider-awscloudformation.aws-cfn.getStackEvents.cfnModel.describeStackEvents([{"StackName":"[***]rmation:us-[***]st-[***]28:stack/[***]ify-[***]lified-[***]ev-[***]908/[***]1490-[***]37-[***]eb-[***]8b-[***]127ab"}])
2020-12-15T19:23:06.112Z|info : amplify-provider-awscloudformation.aws-cfn.getStackEvents.cfnModel.describeStackEvents([{"StackName":"[***]rmation:us-[***]st-[***]28:stack/[***]ify-[***]lified-[***]ev-[***]908-[***]yapi-[***]DDH8G/[***]5880-[***]0a-[***]eb-[***]88-[***]7c447"}])
2020-12-15T19:23:10.369Z|info : amplify-provider-awscloudformation.aws-cfn.getStackEvents.cfnModel.describeStackEvents([{"StackName":"[***]ify-[***]lified-[***]ev-[***]908"}])
2020-12-15T19:23:11.221Z|info : amplify-provider-awscloudformation.aws-cfn.getStackEvents.cfnModel.describeStackEvents([{"StackName":"[***]rmation:us-[***]st-[***]28:stack/[***]ify-[***]lified-[***]ev-[***]908-[***]yapi-[***]DDH8G/[***]5880-[***]0a-[***]eb-[***]88-[***]7c447"}])
2020-12-15T19:23:11.321Z|info : amplify-provider-awscloudformation.aws-cfn.getStackEvents.cfnModel.describeStackEvents([{"StackName":"[***]rmation:us-[***]st-[***]28:stack/[***]ify-[***]lified-[***]ev-[***]908/[***]1490-[***]37-[***]eb-[***]8b-[***]127ab"}])
2020-12-15T19:23:12.717Z|info : amplify-provider-awscloudformation.aws-cfn.getStackEvents.cfnModel.describeStackEvents([{"StackName":"[***]rmation:us-[***]st-[***]28:stack/[***]ify-[***]lified-[***]ev-[***]908-[***]yapi-[***]DDH8G/[***]5880-[***]0a-[***]eb-[***]88-[***]7c447"}])
2020-12-15T19:23:15.364Z|info : amplify-provider-awscloudformation.aws-cfn.getStackEvents.cfnModel.describeStackEvents([{"StackName":"[***]ify-[***]lified-[***]ev-[***]908"}])
2020-12-15T19:23:15.638Z|info : amplify-provider-awscloudformation.aws-cfn.getStackEvents.cfnModel.describeStackEvents([{"StackName":"[***]rmation:us-[***]st-[***]28:stack/[***]ify-[***]lified-[***]ev-[***]908-[***]yapi-[***]DDH8G/[***]5880-[***]0a-[***]eb-[***]88-[***]7c447"}])
2020-12-15T19:23:15.737Z|info : amplify-provider-awscloudformation.aws-cfn.getStackEvents.cfnModel.describeStackEvents([{"StackName":"[***]rmation:us-[***]st-[***]28:stack/[***]ify-[***]lified-[***]ev-[***]908/[***]1490-[***]37-[***]eb-[***]8b-[***]127ab"}])
2020-12-15T19:23:16.496Z|info : amplify-provider-awscloudformation.aws-cfn.getStackEvents.cfnModel.describeStackEvents([{"StackName":"[***]rmation:us-[***]st-[***]28:stack/[***]ify-[***]lified-[***]ev-[***]908-[***]yapi-[***]DDH8G/[***]5880-[***]0a-[***]eb-[***]88-[***]7c447"}])
2020-12-15T19:23:20.364Z|info : amplify-provider-awscloudformation.aws-cfn.getStackEvents.cfnModel.describeStackEvents([{"StackName":"[***]ify-[***]lified-[***]ev-[***]908"}])
2020-12-15T19:23:20.726Z|info : amplify-provider-awscloudformation.aws-cfn.getStackEvents.cfnModel.describeStackEvents([{"StackName":"[***]rmation:us-[***]st-[***]28:stack/[***]ify-[***]lified-[***]ev-[***]908-[***]yapi-[***]DDH8G/[***]5880-[***]0a-[***]eb-[***]88-[***]7c447"}])
2020-12-15T19:23:20.828Z|info : amplify-provider-awscloudformation.aws-cfn.getStackEvents.cfnModel.describeStackEvents([{"StackName":"[***]rmation:us-[***]st-[***]28:stack/[***]ify-[***]lified-[***]ev-[***]908/[***]1490-[***]37-[***]eb-[***]8b-[***]127ab"}])
2020-12-15T19:23:21.150Z|info : amplify-provider-awscloudformation.aws-cfn.getStackEvents.cfnModel.describeStackEvents([{"StackName":"[***]rmation:us-[***]st-[***]28:stack/[***]ify-[***]lified-[***]ev-[***]908-[***]yapi-[***]DDH8G/[***]5880-[***]0a-[***]eb-[***]88-[***]7c447"}])
2020-12-15T19:23:22.742Z|info : amplify-provider-awscloudformation.aws-cfn.getStackEvents.cfnModel.describeStackEvents([{"StackName":"[***]rmation:us-[***]st-[***]28:stack/[***]ify-[***]lified-[***]ev-[***]908-[***]yapi-[***]DDH8G/[***]5880-[***]0a-[***]eb-[***]88-[***]7c447"}])
2020-12-15T19:23:25.363Z|info : amplify-provider-awscloudformation.aws-cfn.getStackEvents.cfnModel.describeStackEvents([{"StackName":"[***]ify-[***]lified-[***]ev-[***]908"}])
2020-12-15T19:23:25.854Z|info : amplify-provider-awscloudformation.aws-cfn.getStackEvents.cfnModel.describeStackEvents([{"StackName":"[***]rmation:us-[***]st-[***]28:stack/[***]ify-[***]lified-[***]ev-[***]908-[***]yapi-[***]DDH8G/[***]5880-[***]0a-[***]eb-[***]88-[***]7c447"}])
2020-12-15T19:23:25.952Z|info : amplify-provider-awscloudformation.aws-cfn.getStackEvents.cfnModel.describeStackEvents([{"StackName":"[***]rmation:us-[***]st-[***]28:stack/[***]ify-[***]lified-[***]ev-[***]908/[***]1490-[***]37-[***]eb-[***]8b-[***]127ab"}])
2020-12-15T19:23:30.365Z|info : amplify-provider-awscloudformation.aws-cfn.getStackEvents.cfnModel.describeStackEvents([{"StackName":"[***]ify-[***]lified-[***]ev-[***]908"}])
2020-12-15T19:23:35.364Z|info : amplify-provider-awscloudformation.aws-cfn.getStackEvents.cfnModel.describeStackEvents([{"StackName":"[***]ify-[***]lified-[***]ev-[***]908"}])
2020-12-15T19:23:40.372Z|info : amplify-provider-awscloudformation.aws-cfn.getStackEvents.cfnModel.describeStackEvents([{"StackName":"[***]ify-[***]lified-[***]ev-[***]908"}])
2020-12-15T19:23:42.830Z|info : amplify-provider-awscloudformation.aws-cfn.updateamplifyMetaFileWithStackOutputs.cfn.describeStackResources([{"StackName":"[***]ify-[***]lified-[***]ev-[***]908"}])
2020-12-15T19:23:43.096Z|info : amplify-provider-awscloudformation.aws-cfn.describeStack.cfn.describeStacks([{"StackName":"[***]rmation:us-[***]st-[***]28:stack/[***]ify-[***]lified-[***]ev-[***]908-[***]yapi-[***]DDH8G/[***]5880-[***]0a-[***]eb-[***]88-[***]7c447"}])
2020-12-15T19:23:45.393Z|info : amplify-provider-awscloudformation.push-resources.storeCurrentcoudBackend.s3.uploadFile([{"Key":"[***]rent-[***]ud-[***]d.zip"}])
2020-12-15T19:23:45.407Z|info : amplify-provider-awscloudformation.aws-s3.uploadFile.s3.putObject([{"Key":"[***]rent-[***]ud-[***]d.zip","Bucket":"[***]ify-[***]lified-[***]ev-[***]908-[***]ment"}])
2020-12-15T19:23:45.831Z|info : amplify-provider-awscloudformation.amplify-service-manager.s3.uploadFile([{"Key":"[***]ify-[***]json"}])
2020-12-15T19:23:45.832Z|info : amplify-provider-awscloudformation.aws-s3.uploadFile.s3.putObject([{"Key":"[***]ify-[***]json","Bucket":"[***]ify-[***]lified-[***]ev-[***]908-[***]ment"}])
2020-12-15T19:23:46.502Z|info : amplify-provider-awscloudformation.amplify-service-manager.s3.uploadFile([{"Key":"[***]end-[***].json"}])
2020-12-15T19:23:46.503Z|info : amplify-provider-awscloudformation.aws-s3.uploadFile.s3.putObject([{"Key":"[***]end-[***].json","Bucket":"[***]ify-[***]lified-[***]ev-[***]908-[***]ment"}])
